<?xml version="1.0" encoding="UTF-8"?>
<!-- Generated by org.testng.reporters.JUnitReportReporter -->
<testsuite hostname="DESKTOP-8OIB6O5" failures="0" tests="1" name="com.tutorialninja.qa.testcases.LoginTestCases" time="5.045" errors="0" timestamp="2023-03-01T17:44:33 IST" skipped="0">
  <testcase classname="com.tutorialninja.qa.testcases.LoginTestCases" name="VerfiyLoggingWithValidCredentials" time="5.045"/>
  <system-out/>
</testsuite> <!-- com.tutorialninja.qa.testcases.LoginTestCases -->
