<?xml version="1.0" encoding="UTF-8"?>
<!-- Generated by org.testng.reporters.JUnitReportReporter -->
<testsuite hostname="DESKTOP-8OIB6O5" failures="0" tests="1" name="com.tutorialninja.qa.testcases.VerifyRegisteringWithAllFields" time="10.345" errors="0" timestamp="2023-02-28T16:39:47 IST" skipped="0">
  <testcase classname="com.tutorialninja.qa.testcases.VerifyRegisteringWithAllFields" name="verifyregistringwithallfields" time="10.345"/>
  <system-out/>
</testsuite> <!-- com.tutorialninja.qa.testcases.VerifyRegisteringWithAllFields -->
